cl : Command line warning D9035: option 'o' has been deprecated and will be removed in a future release
cl : Command line warning D9026: options apply to entire command line
cl : Command line warning D9002: ignoring unknown option '-lfltk'
cl : Command line warning D9002: ignoring unknown option '-lXext'
cl : Command line warning D9002: ignoring unknown option '-lX11'
cl : Command line warning D9002: ignoring unknown option '-lm'
  fltk_editor.cpp
  edit.cpp
  EditorWindow.cpp
  file.cpp
  search.cpp
cl : Command line warning D9035: option 'o' has been deprecated and will be removed in a future release
cl : Command line warning D9026: options apply to entire command line
cl : Command line warning D9035: option 'o' has been deprecated and will be removed in a future release
cl : Command line warning D9002: ignoring unknown option '-lfltk'
cl : Command line warning D9002: ignoring unknown option '-lXext'
cl : Command line warning D9002: ignoring unknown option '-lX11'
cl : Command line warning D9002: ignoring unknown option '-lm'
cl : Command line warning D9002: ignoring unknown option '-lfltk'
cl : Command line warning D9002: ignoring unknown option '-lXext'
cl : Command line warning D9002: ignoring unknown option '-lX11'
cl : Command line warning D9002: ignoring unknown option '-lm'
  fltk_editor.cpp
  fltk_editor.cpp
  fltk_editor.cpp
  Generating code
  All 70 functions were compiled because no usable IPDB/IOBJ from previous compilation was found.
  Finished generating code
  Text Editor Proj.vcxproj -> C:\Users\Bertrand\source\repos\Text Editor Proj\Release\Text Editor Proj.exe
  Text Editor Proj.vcxproj -> C:\Users\Bertrand\source\repos\Text Editor Proj\Release\Text Editor Proj.pdb (Partial -> Full PDB)
C:\Users\Bertrand\source\repos\Text Editor Proj\Release\Text Editor Proj.pdb : fatal error CMF1107: input PDB file is not generated by /DEBUG:fastlink
