cl : Command line warning D9035: option 'o' has been deprecated and will be removed in a future release
cl : Command line warning D9026: options apply to entire command line
cl : Command line warning D9035: option 'o' has been deprecated and will be removed in a future release
cl : Command line warning D9002: ignoring unknown option '-lfltk'
cl : Command line warning D9002: ignoring unknown option '-lXext'
cl : Command line warning D9002: ignoring unknown option '-lX11'
cl : Command line warning D9002: ignoring unknown option '-lm'
cl : Command line warning D9002: ignoring unknown option '-lfltk'
cl : Command line warning D9002: ignoring unknown option '-lXext'
cl : Command line warning D9002: ignoring unknown option '-lX11'
cl : Command line warning D9002: ignoring unknown option '-lm'
  fltk_editor.cpp
  fltk_editor.cpp
  fltk_editor.cpp
  Generating code
  4 of 70 functions ( 5.7%) were compiled, the rest were copied from previous compilation.
    0 functions were new in current compilation
    3 functions had inline decision re-evaluated but remain unchanged
  Finished generating code
  Text Editor Proj.vcxproj -> C:\Users\Bertrand\source\repos\Text Editor Proj\Release\Text Editor Proj.exe
